<?xml version="1.0" encoding="UTF-8"?>
<!-- Generated by org.testng.reporters.JUnitXMLReporter -->
<testsuite ignored="1" hostname="DESKTOP-B5L4A4H" failures="0" tests="1" name="Test(failed)(failed)" time="0.104" errors="0" timestamp="2023-03-09T14:06:51 IST">
  <testcase classname="selenium_Prog_Practice.testNg_Class2" name="TC3" time="0.021"/>
  <testcase classname="selenium_Prog_Practice.testNg_Class2" name="TC4" time="0.0">
    <ignored/>
  </testcase> <!-- TC4 -->
</testsuite> <!-- Test(failed)(failed) -->
