<?xml version="1.0" encoding="UTF-8"?>
<!-- Generated by org.testng.reporters.JUnitXMLReporter -->
<testsuite ignored="0" hostname="DESKTOP-B5L4A4H" failures="0" tests="3" name="Test" time="39.668" errors="0" timestamp="2023-03-09T15:00:49 IST">
  <testcase classname="selenium_Prog_Practice.Parallel1" name="TC1" time="10.813"/>
  <testcase classname="selenium_Prog_Practice.parallel2" name="TC2" time="15.035"/>
  <testcase classname="selenium_Prog_Practice.parallel" name="parallel1" time="13.737"/>
</testsuite> <!-- Test -->
